2025-06-19 10:46:49,479 - INFO - ✅ Tạo config mặc định: sync_config.json
2025-06-19 10:46:49,479 - WARNING - ⚠️ Vui lòng:
2025-06-19 10:46:49,479 - WARNING - 1. Cập nhật GitHub token
2025-06-19 10:46:49,479 - WARNING - 2. Share Google Sheets với: vehicle-dashboard@ivory-haven-463209-b8.iam.gserviceaccount.com
2025-06-19 10:48:15,347 - INFO - 🚀 Bắt đầu đồng bộ dữ liệu từ Google Sheets...
2025-06-19 10:48:15,349 - INFO - 1️⃣ Xác thực Google Sheets API...
2025-06-19 10:48:15,356 - INFO - file_cache is only supported with oauth2client<4.0.0
2025-06-19 10:48:16,356 - INFO - ✅ Google Sheets authentication successful
2025-06-19 10:48:16,357 - INFO - 📊 Connected to: Dashboard DHYD_ver2
2025-06-19 10:48:16,357 - INFO - 2️⃣ Đọc dữ liệu từ Google Sheets...
2025-06-19 10:48:16,705 - INFO - 📊 Spreadsheet: 'Dashboard DHYD_ver2'
2025-06-19 10:48:16,705 - INFO - 📋 Tìm thấy 13 sheets
2025-06-19 10:48:16,706 - INFO - 🔄 Đang đọc sheet: '51B-330.67'...
2025-06-19 10:48:17,055 - INFO - ✅ Đọc 6 hàng từ sheet '51B-330.67' (13 cột)
2025-06-19 10:48:17,066 - INFO - ✅ Xe hành chính '51B-330.67': 6 chuyến
2025-06-19 10:48:17,066 - INFO - 🔄 Đang đọc sheet: '50A-012.59'...
2025-06-19 10:48:17,414 - INFO - ✅ Đọc 50 hàng từ sheet '50A-012.59' (13 cột)
2025-06-19 10:48:17,417 - INFO - ✅ Xe hành chính '50A-012.59': 50 chuyến
2025-06-19 10:48:17,417 - INFO - 🔄 Đang đọc sheet: '50A-007.20'...
2025-06-19 10:48:17,823 - INFO - ✅ Đọc 57 hàng từ sheet '50A-007.20' (13 cột)
2025-06-19 10:48:17,835 - INFO - ✅ Xe hành chính '50A-007.20': 57 chuyến
2025-06-19 10:48:17,835 - INFO - 🔄 Đang đọc sheet: '51A-1212'...
2025-06-19 10:48:18,215 - INFO - ✅ Đọc 98 hàng từ sheet '51A-1212' (13 cột)
2025-06-19 10:48:18,219 - INFO - ✅ Xe hành chính '51A-1212': 98 chuyến
2025-06-19 10:48:18,219 - INFO - 🔄 Đang đọc sheet: '50A-004.55'...
2025-06-19 10:48:18,607 - INFO - ✅ Đọc 24 hàng từ sheet '50A-004.55' (13 cột)
2025-06-19 10:48:18,612 - INFO - ✅ Xe hành chính '50A-004.55': 24 chuyến
2025-06-19 10:48:18,612 - INFO - 🔄 Đang đọc sheet: '50A-007.39'...
2025-06-19 10:48:19,018 - INFO - ✅ Đọc 159 hàng từ sheet '50A-007.39' (15 cột)
2025-06-19 10:48:19,022 - INFO - ✅ Xe cứu thương '50A-007.39': 159 chuyến
2025-06-19 10:48:19,022 - INFO - 🔄 Đang đọc sheet: '50M-004.37'...
2025-06-19 10:48:19,383 - INFO - ✅ Đọc 121 hàng từ sheet '50M-004.37' (15 cột)
2025-06-19 10:48:19,387 - INFO - ✅ Xe cứu thương '50M-004.37': 121 chuyến
2025-06-19 10:48:19,387 - INFO - 🔄 Đang đọc sheet: '50A-009.44'...
2025-06-19 10:48:19,801 - INFO - ✅ Đọc 179 hàng từ sheet '50A-009.44' (15 cột)
2025-06-19 10:48:19,804 - INFO - ✅ Xe cứu thương '50A-009.44': 179 chuyến
2025-06-19 10:48:19,804 - INFO - 🔄 Đang đọc sheet: '50A-010.67'...
2025-06-19 10:48:20,248 - INFO - ✅ Đọc 226 hàng từ sheet '50A-010.67' (15 cột)
2025-06-19 10:48:20,252 - INFO - ✅ Xe cứu thương '50A-010.67': 226 chuyến
2025-06-19 10:48:20,253 - INFO - 🔄 Đang đọc sheet: '50M-002.19'...
2025-06-19 10:48:20,622 - INFO - ✅ Đọc 188 hàng từ sheet '50M-002.19' (15 cột)
2025-06-19 10:48:20,626 - INFO - ✅ Xe cứu thương '50M-002.19': 188 chuyến
2025-06-19 10:48:20,627 - INFO - 🔄 Đang đọc sheet: '51B-509.51'...
2025-06-19 10:48:20,986 - INFO - ✅ Đọc 161 hàng từ sheet '51B-509.51' (15 cột)
2025-06-19 10:48:20,987 - INFO - ✅ Xe cứu thương '51B-509.51': 161 chuyến
2025-06-19 10:48:20,987 - INFO - 🔄 Đang đọc sheet: '50A-019.90'...
2025-06-19 10:48:21,315 - INFO - ✅ Đọc 40 hàng từ sheet '50A-019.90' (15 cột)
2025-06-19 10:48:21,320 - INFO - ✅ Xe cứu thương '50A-019.90': 40 chuyến
2025-06-19 10:48:21,320 - INFO - 🔄 Đang đọc sheet: '50A-018.35'...
2025-06-19 10:48:21,684 - INFO - ✅ Đọc 61 hàng từ sheet '50A-018.35' (15 cột)
2025-06-19 10:48:21,687 - INFO - ✅ Xe cứu thương '50A-018.35': 61 chuyến
2025-06-19 10:48:21,695 - INFO - 🧹 Đang làm sạch dữ liệu...
2025-06-19 10:48:21,709 - INFO - 🔍 Đang validate dữ liệu...
2025-06-19 10:48:21,710 - INFO - ✅ Validation hoàn thành: 1370 hàng hợp lệ
2025-06-19 10:48:21,710 - INFO - ✅ Data cleaning hoàn thành: 1370 hàng
2025-06-19 10:48:21,714 - INFO - ✅ Gộp thành công 1370 chuyến từ 13 xe
2025-06-19 10:48:21,714 - INFO - 📊 Đã đọc 1370 chuyến từ 13 xe
2025-06-19 10:48:21,714 - INFO - 3️⃣ Kiểm tra GitHub repository...
2025-06-19 10:48:22,555 - ERROR - ❌ Lỗi tạo repository: {"message":"Resource not accessible by personal access token","documentation_url":"https://docs.github.com/rest/repos/repos#create-a-repository-for-the-authenticated-user","status":"403"}
2025-06-19 10:48:22,555 - ERROR - ❌ Đồng bộ thất bại: GitHub repository setup failed
2025-06-19 10:53:10,696 - INFO - 🚀 Starting manual sync...
2025-06-19 10:53:10,718 - INFO - file_cache is only supported with oauth2client<4.0.0
2025-06-19 10:53:11,733 - INFO - ✅ Google Sheets connected successfully
2025-06-19 10:53:12,675 - INFO - ✅ 51B-330.67: 6 trips
2025-06-19 10:53:13,114 - INFO - ✅ 50A-012.59: 50 trips
2025-06-19 10:53:13,583 - INFO - ✅ 50A-007.20: 57 trips
2025-06-19 10:53:13,979 - INFO - ✅ 51A-1212: 98 trips
2025-06-19 10:53:14,331 - INFO - ✅ 50A-004.55: 24 trips
2025-06-19 10:53:14,752 - INFO - ✅ 50A-007.39: 159 trips
2025-06-19 10:53:15,120 - INFO - ✅ 50M-004.37: 121 trips
2025-06-19 10:53:15,684 - INFO - ✅ 50A-009.44: 179 trips
2025-06-19 10:53:16,209 - INFO - ✅ 50A-010.67: 226 trips
2025-06-19 10:53:16,749 - INFO - ✅ 50M-002.19: 188 trips
2025-06-19 10:53:17,154 - INFO - ✅ 51B-509.51: 161 trips
2025-06-19 10:53:17,645 - INFO - ✅ 50A-019.90: 40 trips
2025-06-19 10:53:18,824 - INFO - ✅ 50A-018.35: 61 trips
2025-06-19 10:53:18,840 - INFO - 📊 Total: 1370 trips from 13 vehicles
2025-06-19 10:53:19,259 - ERROR - ❌ Repository không tồn tại!
2025-06-19 10:53:19,259 - INFO - 💡 Tạo repository manual tại: https://github.com/new
2025-06-19 10:53:19,260 - INFO -    Repository name: fleet-management-data
2025-06-19 10:53:19,262 - ERROR - ❌ Sync failed: GitHub save failed
2025-06-19 10:54:49,887 - INFO - 🚀 Starting manual sync...
2025-06-19 10:54:49,890 - INFO - file_cache is only supported with oauth2client<4.0.0
2025-06-19 10:54:50,779 - INFO - ✅ Google Sheets connected successfully
2025-06-19 10:54:51,532 - INFO - ✅ 51B-330.67: 6 trips
2025-06-19 10:54:51,991 - INFO - ✅ 50A-012.59: 50 trips
2025-06-19 10:54:52,349 - INFO - ✅ 50A-007.20: 57 trips
2025-06-19 10:54:52,707 - INFO - ✅ 51A-1212: 98 trips
2025-06-19 10:54:53,159 - INFO - ✅ 50A-004.55: 24 trips
2025-06-19 10:54:53,568 - INFO - ✅ 50A-007.39: 159 trips
2025-06-19 10:54:53,930 - INFO - ✅ 50M-004.37: 121 trips
2025-06-19 10:54:54,389 - INFO - ✅ 50A-009.44: 179 trips
2025-06-19 10:54:54,798 - INFO - ✅ 50A-010.67: 226 trips
2025-06-19 10:54:55,230 - INFO - ✅ 50M-002.19: 188 trips
2025-06-19 10:54:55,612 - INFO - ✅ 51B-509.51: 161 trips
2025-06-19 10:54:55,995 - INFO - ✅ 50A-019.90: 40 trips
2025-06-19 10:54:56,364 - INFO - ✅ 50A-018.35: 61 trips
2025-06-19 10:54:56,381 - INFO - 📊 Total: 1370 trips from 13 vehicles
2025-06-19 10:54:56,944 - INFO - ✅ Repository found
2025-06-19 10:54:56,945 - ERROR - ❌ GitHub save error: NDFrame.to_json() got an unexpected keyword argument 'ensure_ascii'
2025-06-19 10:54:56,946 - ERROR - ❌ Sync failed: GitHub save failed
2025-06-19 10:55:49,408 - INFO - 🚀 Starting manual sync...
2025-06-19 10:55:49,422 - INFO - file_cache is only supported with oauth2client<4.0.0
2025-06-19 10:55:50,298 - INFO - ✅ Google Sheets connected successfully
2025-06-19 10:55:51,120 - INFO - ✅ 51B-330.67: 6 trips
2025-06-19 10:55:51,465 - INFO - ✅ 50A-012.59: 50 trips
2025-06-19 10:55:51,834 - INFO - ✅ 50A-007.20: 57 trips
2025-06-19 10:55:52,223 - INFO - ✅ 51A-1212: 98 trips
2025-06-19 10:55:52,590 - INFO - ✅ 50A-004.55: 24 trips
2025-06-19 10:55:52,953 - INFO - ✅ 50A-007.39: 159 trips
2025-06-19 10:55:53,371 - INFO - ✅ 50M-004.37: 121 trips
2025-06-19 10:55:53,749 - INFO - ✅ 50A-009.44: 179 trips
2025-06-19 10:55:54,163 - INFO - ✅ 50A-010.67: 226 trips
2025-06-19 10:55:54,584 - INFO - ✅ 50M-002.19: 188 trips
2025-06-19 10:55:54,984 - INFO - ✅ 51B-509.51: 161 trips
2025-06-19 10:55:55,366 - INFO - ✅ 50A-019.90: 40 trips
2025-06-19 10:55:55,699 - INFO - ✅ 50A-018.35: 61 trips
2025-06-19 10:55:55,712 - INFO - 📊 Total: 1370 trips from 13 vehicles
2025-06-19 10:55:56,118 - INFO - ✅ Repository found
2025-06-19 10:56:01,847 - INFO - ✅ Data saved to GitHub successfully
2025-06-19 10:56:01,849 - INFO - ✅ SYNC SUCCESSFUL!
2025-06-19 10:56:01,849 - INFO - 📊 Synced 1370 trips from 13 vehicles
2025-06-19 14:28:09,444 - INFO - 🚀 Starting manual sync...
2025-06-19 14:28:09,447 - INFO - file_cache is only supported with oauth2client<4.0.0
2025-06-19 14:28:10,358 - INFO - ✅ Google Sheets connected successfully
2025-06-19 14:28:11,063 - INFO - ✅ 51B-330.67: 7 trips
2025-06-19 14:28:11,418 - INFO - ✅ 50A-012.59: 53 trips
2025-06-19 14:28:11,900 - INFO - ✅ 50A-007.20: 57 trips
2025-06-19 14:28:12,308 - INFO - ✅ 51A-1212: 99 trips
2025-06-19 14:28:12,748 - INFO - ✅ 50A-004.55: 24 trips
2025-06-19 14:28:13,134 - INFO - ✅ 50A-007.39: 159 trips
2025-06-19 14:28:13,542 - INFO - ✅ 50M-004.37: 121 trips
2025-06-19 14:28:13,899 - INFO - ✅ 50A-009.44: 180 trips
2025-06-19 14:28:14,271 - INFO - ✅ 50A-010.67: 229 trips
2025-06-19 14:28:14,659 - INFO - ✅ 50M-002.19: 189 trips
2025-06-19 14:28:15,067 - INFO - ✅ 51B-509.51: 162 trips
2025-06-19 14:28:15,447 - INFO - ✅ 50A-019.90: 40 trips
2025-06-19 14:28:15,821 - INFO - ✅ 50A-018.35: 61 trips
2025-06-19 14:28:15,833 - INFO - 📊 Total: 1381 trips from 13 vehicles
2025-06-19 14:28:16,369 - INFO - ✅ Repository found
2025-06-19 14:28:21,535 - INFO - ✅ Data saved to GitHub successfully
2025-06-19 14:28:21,538 - INFO - ✅ SYNC SUCCESSFUL!
2025-06-19 14:28:21,539 - INFO - 📊 Synced 1381 trips from 13 vehicles
2025-06-19 14:28:59,058 - INFO - 🚀 Starting manual sync...
2025-06-19 14:28:59,065 - INFO - file_cache is only supported with oauth2client<4.0.0
2025-06-19 14:28:59,953 - INFO - ✅ Google Sheets connected successfully
2025-06-19 14:29:00,722 - INFO - ✅ 51B-330.67: 7 trips
2025-06-19 14:29:01,074 - INFO - ✅ 50A-012.59: 53 trips
2025-06-19 14:29:01,439 - INFO - ✅ 50A-007.20: 57 trips
2025-06-19 14:29:01,817 - INFO - ✅ 51A-1212: 99 trips
2025-06-19 14:29:02,164 - INFO - ✅ 50A-004.55: 24 trips
2025-06-19 14:29:02,577 - INFO - ✅ 50A-007.39: 159 trips
2025-06-19 14:29:03,027 - INFO - ✅ 50M-004.37: 121 trips
2025-06-19 14:29:03,392 - INFO - ✅ 50A-009.44: 180 trips
2025-06-19 14:29:03,768 - INFO - ✅ 50A-010.67: 229 trips
2025-06-19 14:29:04,158 - INFO - ✅ 50M-002.19: 189 trips
2025-06-19 14:29:04,531 - INFO - ✅ 51B-509.51: 162 trips
2025-06-19 14:29:04,862 - INFO - ✅ 50A-019.90: 40 trips
2025-06-19 14:29:05,217 - INFO - ✅ 50A-018.35: 61 trips
2025-06-19 14:29:05,225 - INFO - 📊 Total: 1381 trips from 13 vehicles
2025-06-19 14:29:05,654 - INFO - ✅ Repository found
2025-06-19 14:29:10,297 - INFO - ✅ Data saved to GitHub successfully
2025-06-19 14:29:10,299 - INFO - ✅ SYNC SUCCESSFUL!
2025-06-19 14:29:10,300 - INFO - 📊 Synced 1381 trips from 13 vehicles
2025-06-19 14:36:23,716 - INFO - 🚀 Starting manual sync...
2025-06-19 14:36:23,722 - INFO - file_cache is only supported with oauth2client<4.0.0
2025-06-19 14:36:24,744 - INFO - ✅ Google Sheets connected successfully
2025-06-19 14:36:25,554 - INFO - ✅ 51B-330.67: 7 trips
2025-06-19 14:36:25,925 - INFO - ✅ 50A-012.59: 53 trips
2025-06-19 14:36:26,282 - INFO - ✅ 50A-007.20: 57 trips
2025-06-19 14:36:26,712 - INFO - ✅ 51A-1212: 99 trips
2025-06-19 14:36:27,072 - INFO - ✅ 50A-004.55: 24 trips
2025-06-19 14:36:27,460 - INFO - ✅ 50A-007.39: 159 trips
2025-06-19 14:36:27,822 - INFO - ✅ 50M-004.37: 121 trips
2025-06-19 14:36:28,240 - INFO - ✅ 50A-009.44: 180 trips
2025-06-19 14:36:28,653 - INFO - ✅ 50A-010.67: 229 trips
2025-06-19 14:36:29,051 - INFO - ✅ 50M-002.19: 189 trips
2025-06-19 14:36:29,492 - INFO - ✅ 51B-509.51: 162 trips
2025-06-19 14:36:29,841 - INFO - ✅ 50A-019.90: 40 trips
2025-06-19 14:36:30,299 - INFO - ✅ 50A-018.35: 61 trips
2025-06-19 14:36:30,315 - INFO - 📊 Total: 1381 trips from 13 vehicles
2025-06-19 14:36:30,808 - INFO - ✅ Repository found
2025-06-19 14:36:30,808 - ERROR - ❌ GitHub save error: NDFrame.to_json() got an unexpected keyword argument 'ensure_ascii'
2025-06-19 14:36:30,809 - ERROR - ❌ Sync failed: GitHub save failed
2025-06-19 14:39:25,346 - INFO - 🚀 Starting manual sync...
2025-06-19 14:39:25,359 - INFO - file_cache is only supported with oauth2client<4.0.0
2025-06-19 14:39:26,177 - INFO - ✅ Google Sheets connected successfully
2025-06-19 14:39:26,955 - INFO - ✅ 51B-330.67: 7 trips
2025-06-19 14:39:27,323 - INFO - ✅ 50A-012.59: 53 trips
2025-06-19 14:39:27,724 - INFO - ✅ 50A-007.20: 57 trips
2025-06-19 14:39:28,114 - INFO - ✅ 51A-1212: 99 trips
2025-06-19 14:39:28,715 - INFO - ✅ 50A-004.55: 24 trips
2025-06-19 14:39:29,097 - INFO - ✅ 50A-007.39: 159 trips
2025-06-19 14:39:29,499 - INFO - ✅ 50M-004.37: 121 trips
2025-06-19 14:39:29,882 - INFO - ✅ 50A-009.44: 180 trips
2025-06-19 14:39:30,266 - INFO - ✅ 50A-010.67: 229 trips
2025-06-19 14:39:30,718 - INFO - ✅ 50M-002.19: 189 trips
2025-06-19 14:39:31,105 - INFO - ✅ 51B-509.51: 162 trips
2025-06-19 14:39:31,492 - INFO - ✅ 50A-019.90: 40 trips
2025-06-19 14:39:31,863 - INFO - ✅ 50A-018.35: 61 trips
2025-06-19 14:39:31,874 - INFO - 📊 Total: 1381 trips from 13 vehicles
2025-06-19 14:39:32,336 - INFO - ✅ Repository found
2025-06-19 14:39:32,337 - ERROR - ❌ GitHub save error: name 'combined_json' is not defined
2025-06-19 14:39:32,338 - ERROR - ❌ Sync failed: GitHub save failed
2025-06-19 14:40:13,018 - INFO - 🚀 Starting manual sync...
2025-06-19 14:40:13,041 - INFO - file_cache is only supported with oauth2client<4.0.0
2025-06-19 14:40:14,195 - INFO - ✅ Google Sheets connected successfully
2025-06-19 14:40:14,984 - INFO - ✅ 51B-330.67: 7 trips
2025-06-19 14:40:15,346 - INFO - ✅ 50A-012.59: 53 trips
2025-06-19 14:40:15,712 - INFO - ✅ 50A-007.20: 57 trips
2025-06-19 14:40:16,075 - INFO - ✅ 51A-1212: 99 trips
2025-06-19 14:40:16,431 - INFO - ✅ 50A-004.55: 24 trips
2025-06-19 14:40:17,119 - INFO - ✅ 50A-007.39: 159 trips
2025-06-19 14:40:17,494 - INFO - ✅ 50M-004.37: 121 trips
2025-06-19 14:40:17,863 - INFO - ✅ 50A-009.44: 180 trips
2025-06-19 14:40:18,229 - INFO - ✅ 50A-010.67: 229 trips
2025-06-19 14:40:18,608 - INFO - ✅ 50M-002.19: 189 trips
2025-06-19 14:40:18,964 - INFO - ✅ 51B-509.51: 162 trips
2025-06-19 14:40:19,326 - INFO - ✅ 50A-019.90: 40 trips
2025-06-19 14:40:19,716 - INFO - ✅ 50A-018.35: 61 trips
2025-06-19 14:40:19,727 - INFO - 📊 Total: 1381 trips from 13 vehicles
2025-06-19 14:40:20,140 - INFO - ✅ Repository found
2025-06-19 14:40:23,971 - INFO - ✅ Data saved to GitHub successfully
2025-06-19 14:40:23,974 - INFO - ✅ SYNC SUCCESSFUL!
2025-06-19 14:40:23,974 - INFO - 📊 Synced 1381 trips from 13 vehicles
2025-06-19 14:41:08,802 - INFO - 🚀 Starting manual sync...
2025-06-19 14:41:08,807 - INFO - file_cache is only supported with oauth2client<4.0.0
2025-06-19 14:41:09,685 - INFO - ✅ Google Sheets connected successfully
2025-06-19 14:41:10,574 - INFO - ✅ 51B-330.67: 7 trips
2025-06-19 14:41:10,979 - INFO - ✅ 50A-012.59: 53 trips
2025-06-19 14:41:11,350 - INFO - ✅ 50A-007.20: 57 trips
2025-06-19 14:41:11,805 - INFO - ✅ 51A-1212: 99 trips
2025-06-19 14:41:12,210 - INFO - ✅ 50A-004.55: 24 trips
2025-06-19 14:41:12,602 - INFO - ✅ 50A-007.39: 159 trips
2025-06-19 14:41:13,022 - INFO - ✅ 50M-004.37: 121 trips
2025-06-19 14:41:13,478 - INFO - ✅ 50A-009.44: 180 trips
2025-06-19 14:41:13,862 - INFO - ✅ 50A-010.67: 229 trips
2025-06-19 14:41:14,238 - INFO - ✅ 50M-002.19: 189 trips
2025-06-19 14:41:14,590 - INFO - ✅ 51B-509.51: 162 trips
2025-06-19 14:41:14,969 - INFO - ✅ 50A-019.90: 40 trips
2025-06-19 14:41:15,365 - INFO - ✅ 50A-018.35: 61 trips
2025-06-19 14:41:15,403 - INFO - 📊 Total: 1381 trips from 13 vehicles
2025-06-19 14:41:15,847 - INFO - ✅ Repository found
2025-06-19 14:41:19,291 - INFO - ✅ Data saved to GitHub successfully
2025-06-19 14:41:19,297 - INFO - ✅ SYNC SUCCESSFUL!
2025-06-19 14:41:19,299 - INFO - 📊 Synced 1381 trips from 13 vehicles
2025-06-19 14:43:34,187 - INFO - 🚀 Starting manual sync...
2025-06-19 14:43:34,198 - INFO - file_cache is only supported with oauth2client<4.0.0
2025-06-19 14:43:35,076 - INFO - ✅ Google Sheets connected successfully
2025-06-19 14:43:35,876 - INFO - ✅ 51B-330.67: 7 trips
2025-06-19 14:43:36,238 - INFO - ✅ 50A-012.59: 53 trips
2025-06-19 14:43:36,671 - INFO - ✅ 50A-007.20: 57 trips
2025-06-19 14:43:37,046 - INFO - ✅ 51A-1212: 99 trips
2025-06-19 14:43:37,486 - INFO - ✅ 50A-004.55: 24 trips
2025-06-19 14:43:37,883 - INFO - ✅ 50A-007.39: 159 trips
2025-06-19 14:43:38,282 - INFO - ✅ 50M-004.37: 121 trips
2025-06-19 14:43:38,710 - INFO - ✅ 50A-009.44: 180 trips
2025-06-19 14:43:39,116 - INFO - ✅ 50A-010.67: 229 trips
2025-06-19 14:43:39,587 - INFO - ✅ 50M-002.19: 189 trips
2025-06-19 14:43:40,006 - INFO - ✅ 51B-509.51: 162 trips
2025-06-19 14:43:40,479 - INFO - ✅ 50A-019.90: 40 trips
2025-06-19 14:43:40,862 - INFO - ✅ 50A-018.35: 61 trips
2025-06-19 14:43:40,879 - INFO - 📊 Total: 1381 trips from 13 vehicles
2025-06-19 14:43:41,327 - INFO - ✅ Repository found
2025-06-19 14:43:41,913 - INFO - 📝 Updating existing file: data/latest/fleet_data_latest.json
2025-06-19 14:43:52,259 - INFO - ✅ Successfully uploaded: data/latest/fleet_data_latest.json
2025-06-19 14:43:52,766 - INFO - 📝 Updating existing file: data/summary/summary_latest.json
2025-06-19 14:43:53,336 - INFO - ✅ Successfully uploaded: data/summary/summary_latest.json
2025-06-19 14:43:53,336 - INFO - ✅ Data saved to GitHub successfully
2025-06-19 14:43:53,337 - INFO - ✅ SYNC SUCCESSFUL!
2025-06-19 14:43:53,337 - INFO - 📊 Synced 1381 trips from 13 vehicles
2025-06-19 14:50:31,243 - INFO - 🚀 Starting manual sync...
2025-06-19 14:50:31,249 - INFO - file_cache is only supported with oauth2client<4.0.0
2025-06-19 14:50:32,440 - INFO - ✅ Google Sheets connected successfully
2025-06-19 14:50:33,988 - INFO - ✅ 51B-330.67: 7 trips
2025-06-19 14:50:34,489 - INFO - ✅ 50A-012.59: 53 trips
2025-06-19 14:50:34,897 - INFO - ✅ 50A-007.20: 57 trips
2025-06-19 14:50:35,305 - INFO - ✅ 51A-1212: 99 trips
2025-06-19 14:50:35,671 - INFO - ✅ 50A-004.55: 24 trips
2025-06-19 14:50:36,055 - INFO - ✅ 50A-007.39: 159 trips
2025-06-19 14:50:36,424 - INFO - ✅ 50M-004.37: 121 trips
2025-06-19 14:50:36,915 - INFO - ✅ 50A-009.44: 180 trips
2025-06-19 14:50:37,351 - INFO - ✅ 50A-010.67: 229 trips
2025-06-19 14:50:37,791 - INFO - ✅ 50M-002.19: 189 trips
2025-06-19 14:50:38,218 - INFO - ✅ 51B-509.51: 162 trips
2025-06-19 14:50:38,576 - INFO - ✅ 50A-019.90: 40 trips
2025-06-19 14:50:38,966 - INFO - ✅ 50A-018.35: 61 trips
2025-06-19 14:50:38,977 - INFO - 📊 Total: 1381 trips from 13 vehicles
2025-06-19 14:50:39,604 - INFO - ✅ Repository found
2025-06-19 14:50:40,042 - INFO - 📝 Updating existing file: data/latest/fleet_data_latest.json
2025-06-19 14:50:42,559 - INFO - ✅ Successfully uploaded: data/latest/fleet_data_latest.json
2025-06-19 14:50:43,088 - INFO - 📝 Updating existing file: data/summary/summary_latest.json
2025-06-19 14:50:43,738 - INFO - ✅ Successfully uploaded: data/summary/summary_latest.json
2025-06-19 14:50:43,739 - INFO - ✅ Data saved to GitHub successfully
2025-06-19 14:50:43,741 - INFO - ✅ SYNC SUCCESSFUL!
2025-06-19 14:50:43,742 - INFO - 📊 Synced 1381 trips from 13 vehicles
2025-06-19 14:56:40,829 - INFO - 🚀 Starting manual sync...
2025-06-19 14:56:40,833 - INFO - file_cache is only supported with oauth2client<4.0.0
2025-06-19 14:56:41,880 - INFO - ✅ Google Sheets connected successfully
2025-06-19 14:56:42,707 - INFO - ✅ 51B-330.67: 7 trips
2025-06-19 14:56:43,128 - INFO - ✅ 50A-012.59: 53 trips
2025-06-19 14:56:43,490 - INFO - ✅ 50A-007.20: 57 trips
2025-06-19 14:56:43,949 - INFO - ✅ 51A-1212: 99 trips
2025-06-19 14:56:44,358 - INFO - ✅ 50A-004.55: 24 trips
2025-06-19 14:56:44,751 - INFO - ✅ 50A-007.39: 159 trips
2025-06-19 14:56:45,165 - INFO - ✅ 50M-004.37: 121 trips
2025-06-19 14:56:45,639 - INFO - ✅ 50A-009.44: 180 trips
2025-06-19 14:56:46,077 - INFO - ✅ 50A-010.67: 229 trips
2025-06-19 14:56:46,476 - INFO - ✅ 50M-002.19: 189 trips
2025-06-19 14:56:46,914 - INFO - ✅ 51B-509.51: 162 trips
2025-06-19 14:56:47,286 - INFO - ✅ 50A-019.90: 40 trips
2025-06-19 14:56:47,671 - INFO - ✅ 50A-018.35: 61 trips
2025-06-19 14:56:47,684 - INFO - 📊 Total: 1381 trips from 13 vehicles
2025-06-19 14:56:48,204 - INFO - ✅ Repository found
2025-06-19 14:56:48,655 - INFO - 📝 Updating existing file: data/latest/fleet_data_latest.json
2025-06-19 14:56:50,089 - INFO - ✅ Successfully uploaded: data/latest/fleet_data_latest.json
2025-06-19 14:56:50,545 - INFO - 📝 Updating existing file: data/summary/summary_latest.json
2025-06-19 14:56:51,256 - INFO - ✅ Successfully uploaded: data/summary/summary_latest.json
2025-06-19 14:56:51,256 - INFO - ✅ Data saved to GitHub successfully
2025-06-19 14:56:51,257 - INFO - ✅ SYNC SUCCESSFUL!
2025-06-19 14:56:51,258 - INFO - 📊 Synced 1381 trips from 13 vehicles
2025-06-19 14:57:39,737 - INFO - 🚀 Starting manual sync...
2025-06-19 14:57:39,740 - INFO - file_cache is only supported with oauth2client<4.0.0
2025-06-19 14:57:40,678 - INFO - ✅ Google Sheets connected successfully
2025-06-19 14:57:41,754 - INFO - ✅ 51B-330.67: 7 trips
2025-06-19 14:57:42,230 - INFO - ✅ 50A-012.59: 53 trips
2025-06-19 14:57:42,657 - INFO - ✅ 50A-007.20: 57 trips
2025-06-19 14:57:43,131 - INFO - ✅ 51A-1212: 99 trips
2025-06-19 14:57:43,544 - INFO - ✅ 50A-004.55: 24 trips
2025-06-19 14:57:43,917 - INFO - ✅ 50A-007.39: 159 trips
2025-06-19 14:57:44,301 - INFO - ✅ 50M-004.37: 121 trips
2025-06-19 14:57:44,786 - INFO - ✅ 50A-009.44: 180 trips
2025-06-19 14:57:45,211 - INFO - ✅ 50A-010.67: 229 trips
2025-06-19 14:57:45,594 - INFO - ✅ 50M-002.19: 189 trips
2025-06-19 14:57:46,025 - INFO - ✅ 51B-509.51: 162 trips
2025-06-19 14:57:46,413 - INFO - ✅ 50A-019.90: 40 trips
2025-06-19 14:57:46,763 - INFO - ✅ 50A-018.35: 61 trips
2025-06-19 14:57:46,772 - INFO - 📊 Total: 1381 trips from 13 vehicles
2025-06-19 14:57:47,232 - INFO - ✅ Repository found
2025-06-19 14:57:47,247 - INFO - 📄 JSON content length: 2750725 characters
2025-06-19 14:57:47,247 - INFO - 📄 JSON preview: [
  {
    "Timestamp":"5\/18\/2025 20:07:05",
    "Email Address":"trananhtuan461970@gmail.com",
    "Th\u1eddi gian b\u1eaft \u0111\u1ea7u":"5:00",
    "Th\u1eddi gian k\u1ebft th\u00fac":"14:40",
  ...
2025-06-19 14:57:47,247 - INFO - 🔄 Uploading main data file: data/latest/fleet_data_latest.json
2025-06-19 14:57:47,739 - INFO - 📝 Updating existing file: data/latest/fleet_data_latest.json
2025-06-19 14:57:48,995 - INFO - ✅ Successfully uploaded: data/latest/fleet_data_latest.json
2025-06-19 14:57:48,996 - INFO - ✅ Main data file uploaded successfully
2025-06-19 14:57:48,996 - INFO - 🔄 Uploading summary file...
2025-06-19 14:57:49,479 - INFO - 📝 Updating existing file: data/summary/summary_latest.json
2025-06-19 14:57:50,181 - INFO - ✅ Successfully uploaded: data/summary/summary_latest.json
2025-06-19 14:57:50,182 - INFO - ✅ Summary file uploaded successfully
2025-06-19 14:57:50,182 - INFO - ✅ Data saved to GitHub successfully
2025-06-19 14:57:50,183 - INFO - ✅ SYNC SUCCESSFUL!
2025-06-19 14:57:50,184 - INFO - 📊 Synced 1381 trips from 13 vehicles
2025-06-19 15:01:54,290 - INFO - 🚀 Starting manual sync...
2025-06-19 15:01:54,299 - INFO - file_cache is only supported with oauth2client<4.0.0
2025-06-19 15:01:55,316 - INFO - ✅ Google Sheets connected successfully
2025-06-19 15:01:56,196 - INFO - ✅ 51B-330.67: 7 trips
2025-06-19 15:01:56,629 - INFO - ✅ 50A-012.59: 53 trips
2025-06-19 15:01:57,092 - INFO - ✅ 50A-007.20: 57 trips
2025-06-19 15:01:57,498 - INFO - ✅ 51A-1212: 99 trips
2025-06-19 15:01:57,886 - INFO - ✅ 50A-004.55: 24 trips
2025-06-19 15:01:58,383 - INFO - ✅ 50A-007.39: 159 trips
2025-06-19 15:01:58,832 - INFO - ✅ 50M-004.37: 121 trips
2025-06-19 15:01:59,346 - INFO - ✅ 50A-009.44: 180 trips
2025-06-19 15:01:59,750 - INFO - ✅ 50A-010.67: 229 trips
2025-06-19 15:02:00,151 - INFO - ✅ 50M-002.19: 189 trips
2025-06-19 15:02:00,521 - INFO - ✅ 51B-509.51: 162 trips
2025-06-19 15:02:00,904 - INFO - ✅ 50A-019.90: 40 trips
2025-06-19 15:02:01,386 - INFO - ✅ 50A-018.35: 61 trips
2025-06-19 15:02:01,412 - INFO - 📊 Total: 1381 trips from 13 vehicles
2025-06-19 15:02:01,942 - INFO - ✅ Repository found
2025-06-19 15:02:01,957 - INFO - 📄 JSON content length: 2750725 characters
2025-06-19 15:02:01,958 - INFO - 📄 JSON preview: [
  {
    "Timestamp":"5\/18\/2025 20:07:05",
    "Email Address":"trananhtuan461970@gmail.com",
    "Th\u1eddi gian b\u1eaft \u0111\u1ea7u":"5:00",
    "Th\u1eddi gian k\u1ebft th\u00fac":"14:40",
  ...
2025-06-19 15:02:01,958 - INFO - 🔄 Uploading main data file: data/latest/fleet_data_latest.json
2025-06-19 15:02:02,482 - INFO - 📝 Creating new file: data/latest/fleet_data_latest.json
2025-06-19 15:02:03,884 - INFO - ✅ Successfully uploaded: data/latest/fleet_data_latest.json
2025-06-19 15:02:03,888 - INFO - ✅ Main data file uploaded successfully
2025-06-19 15:02:03,888 - INFO - 🔄 Uploading summary file...
2025-06-19 15:02:04,320 - INFO - 📝 Creating new file: data/summary/summary_latest.json
2025-06-19 15:02:05,277 - INFO - ✅ Successfully uploaded: data/summary/summary_latest.json
2025-06-19 15:02:05,278 - INFO - ✅ Summary file uploaded successfully
2025-06-19 15:02:05,278 - INFO - ✅ Data saved to GitHub successfully
2025-06-19 15:02:05,280 - INFO - ✅ SYNC SUCCESSFUL!
2025-06-19 15:02:05,281 - INFO - 📊 Synced 1381 trips from 13 vehicles
2025-06-19 15:02:38,502 - INFO - 🚀 Starting manual sync...
2025-06-19 15:02:38,506 - INFO - file_cache is only supported with oauth2client<4.0.0
2025-06-19 15:02:39,382 - INFO - ✅ Google Sheets connected successfully
2025-06-19 15:02:40,125 - INFO - ✅ 51B-330.67: 7 trips
2025-06-19 15:02:40,506 - INFO - ✅ 50A-012.59: 53 trips
2025-06-19 15:02:40,920 - INFO - ✅ 50A-007.20: 57 trips
2025-06-19 15:02:41,285 - INFO - ✅ 51A-1212: 99 trips
2025-06-19 15:02:41,634 - INFO - ✅ 50A-004.55: 24 trips
2025-06-19 15:02:41,997 - INFO - ✅ 50A-007.39: 159 trips
2025-06-19 15:02:42,358 - INFO - ✅ 50M-004.37: 121 trips
2025-06-19 15:02:42,928 - INFO - ✅ 50A-009.44: 180 trips
2025-06-19 15:02:43,322 - INFO - ✅ 50A-010.67: 229 trips
2025-06-19 15:02:43,687 - INFO - ✅ 50M-002.19: 189 trips
2025-06-19 15:02:44,081 - INFO - ✅ 51B-509.51: 162 trips
2025-06-19 15:02:44,462 - INFO - ✅ 50A-019.90: 40 trips
2025-06-19 15:02:44,914 - INFO - ✅ 50A-018.35: 61 trips
2025-06-19 15:02:44,927 - INFO - 📊 Total: 1381 trips from 13 vehicles
2025-06-19 15:02:45,400 - INFO - ✅ Repository found
2025-06-19 15:02:45,417 - INFO - 📄 JSON content length: 2750725 characters
2025-06-19 15:02:45,417 - INFO - 📄 JSON preview: [
  {
    "Timestamp":"5\/18\/2025 20:07:05",
    "Email Address":"trananhtuan461970@gmail.com",
    "Th\u1eddi gian b\u1eaft \u0111\u1ea7u":"5:00",
    "Th\u1eddi gian k\u1ebft th\u00fac":"14:40",
  ...
2025-06-19 15:02:45,417 - INFO - 🔄 Uploading main data file: data/latest/fleet_data_latest.json
2025-06-19 15:02:45,929 - INFO - 📝 Updating existing file: data/latest/fleet_data_latest.json
2025-06-19 15:02:47,364 - INFO - ✅ Successfully uploaded: data/latest/fleet_data_latest.json
2025-06-19 15:02:47,364 - INFO - ✅ Main data file uploaded successfully
2025-06-19 15:02:47,364 - INFO - 🔄 Uploading summary file...
2025-06-19 15:02:47,809 - INFO - 📝 Updating existing file: data/summary/summary_latest.json
2025-06-19 15:02:48,409 - INFO - ✅ Successfully uploaded: data/summary/summary_latest.json
2025-06-19 15:02:48,409 - INFO - ✅ Summary file uploaded successfully
2025-06-19 15:02:48,410 - INFO - ✅ Data saved to GitHub successfully
2025-06-19 15:02:48,412 - INFO - ✅ SYNC SUCCESSFUL!
2025-06-19 15:02:48,413 - INFO - 📊 Synced 1381 trips from 13 vehicles
2025-06-19 15:13:12,971 - INFO - 🚀 Starting manual sync...
2025-06-19 15:13:12,992 - INFO - file_cache is only supported with oauth2client<4.0.0
2025-06-19 15:13:13,988 - INFO - ✅ Google Sheets connected successfully
2025-06-19 15:13:14,875 - INFO - ✅ 51B-330.67: 7 trips
2025-06-19 15:13:15,300 - INFO - ✅ 50A-012.59: 53 trips
2025-06-19 15:13:15,779 - INFO - ✅ 50A-007.20: 57 trips
2025-06-19 15:13:16,146 - INFO - ✅ 51A-1212: 99 trips
2025-06-19 15:13:16,594 - INFO - ✅ 50A-004.55: 24 trips
2025-06-19 15:13:16,964 - INFO - ✅ 50A-007.39: 159 trips
2025-06-19 15:13:17,339 - INFO - ✅ 50M-004.37: 121 trips
2025-06-19 15:13:17,842 - INFO - ✅ 50A-009.44: 180 trips
2025-06-19 15:13:18,245 - INFO - ✅ 50A-010.67: 229 trips
2025-06-19 15:13:18,670 - INFO - ✅ 50M-002.19: 189 trips
2025-06-19 15:13:19,058 - INFO - ✅ 51B-509.51: 162 trips
2025-06-19 15:13:19,410 - INFO - ✅ 50A-019.90: 40 trips
2025-06-19 15:13:19,791 - INFO - ✅ 50A-018.35: 61 trips
2025-06-19 15:13:19,803 - INFO - 📊 Total: 1381 trips from 13 vehicles
2025-06-19 15:13:20,253 - INFO - ✅ Repository found
2025-06-19 15:13:20,268 - INFO - 📄 JSON content length: 2750725 characters
2025-06-19 15:13:20,268 - INFO - 📄 JSON preview: [
  {
    "Timestamp":"5\/18\/2025 20:07:05",
    "Email Address":"trananhtuan461970@gmail.com",
    "Th\u1eddi gian b\u1eaft \u0111\u1ea7u":"5:00",
    "Th\u1eddi gian k\u1ebft th\u00fac":"14:40",
  ...
2025-06-19 15:13:20,268 - INFO - 🔄 Uploading main data file: data/latest/fleet_data_latest.json
2025-06-19 15:13:20,776 - INFO - 📝 Updating existing file: data/latest/fleet_data_latest.json
2025-06-19 15:13:22,427 - INFO - ✅ Successfully uploaded: data/latest/fleet_data_latest.json
2025-06-19 15:13:22,429 - INFO - ✅ Main data file uploaded successfully
2025-06-19 15:13:22,429 - INFO - 🔄 Uploading summary file...
2025-06-19 15:13:22,936 - INFO - 📝 Updating existing file: data/summary/summary_latest.json
2025-06-19 15:13:23,658 - INFO - ✅ Successfully uploaded: data/summary/summary_latest.json
2025-06-19 15:13:23,659 - INFO - ✅ Summary file uploaded successfully
2025-06-19 15:13:23,659 - INFO - ✅ Data saved to GitHub successfully
2025-06-19 15:13:23,663 - INFO - ✅ SYNC SUCCESSFUL!
2025-06-19 15:13:23,664 - INFO - 📊 Synced 1381 trips from 13 vehicles
2025-06-20 15:25:02,614 - INFO - 🚀 Starting manual sync...
2025-06-20 15:25:02,618 - INFO - file_cache is only supported with oauth2client<4.0.0
2025-06-20 15:25:03,648 - INFO - ✅ Google Sheets connected successfully
2025-06-20 15:25:04,491 - INFO - ✅ 51B-330.67: 7 trips
2025-06-20 15:25:04,866 - INFO - ✅ 50A-012.59: 55 trips
2025-06-20 15:25:05,308 - INFO - ✅ 50A-007.20: 60 trips
2025-06-20 15:25:05,680 - INFO - ✅ 51A-1212: 99 trips
2025-06-20 15:25:06,043 - INFO - ✅ 50A-004.55: 25 trips
2025-06-20 15:25:06,449 - INFO - ✅ 50A-007.39: 159 trips
2025-06-20 15:25:06,840 - INFO - ✅ 50M-004.37: 123 trips
2025-06-20 15:25:07,232 - INFO - ✅ 50A-009.44: 186 trips
2025-06-20 15:25:07,658 - INFO - ✅ 50A-010.67: 231 trips
2025-06-20 15:25:08,095 - INFO - ✅ 50M-002.19: 194 trips
2025-06-20 15:25:08,510 - INFO - ✅ 51B-509.51: 171 trips
2025-06-20 15:25:08,995 - INFO - ✅ 50A-019.90: 40 trips
2025-06-20 15:25:09,404 - INFO - ✅ 50A-018.35: 62 trips
2025-06-20 15:25:09,415 - INFO - 📊 Total: 1412 trips from 13 vehicles
2025-06-20 15:25:09,919 - INFO - ✅ Repository found
2025-06-20 15:25:09,933 - INFO - 📄 JSON content length: 2813595 characters
2025-06-20 15:25:09,933 - INFO - 📄 JSON preview: [
  {
    "Timestamp":"5\/18\/2025 20:07:05",
    "Email Address":"trananhtuan461970@gmail.com",
    "Th\u1eddi gian b\u1eaft \u0111\u1ea7u":"5:00",
    "Th\u1eddi gian k\u1ebft th\u00fac":"14:40",
  ...
2025-06-20 15:25:09,933 - INFO - 🔄 Uploading main data file: data/latest/fleet_data_latest.json
2025-06-20 15:25:10,308 - INFO - 📝 Updating existing file: data/latest/fleet_data_latest.json
2025-06-20 15:25:11,541 - INFO - ✅ Successfully uploaded: data/latest/fleet_data_latest.json
2025-06-20 15:25:11,542 - INFO - ✅ Main data file uploaded successfully
2025-06-20 15:25:11,542 - INFO - 🔄 Uploading summary file...
2025-06-20 15:25:11,953 - INFO - 📝 Updating existing file: data/summary/summary_latest.json
2025-06-20 15:25:12,678 - INFO - ✅ Successfully uploaded: data/summary/summary_latest.json
2025-06-20 15:25:12,678 - INFO - ✅ Summary file uploaded successfully
2025-06-20 15:25:12,679 - INFO - ✅ Data saved to GitHub successfully
2025-06-20 15:25:12,680 - INFO - ✅ SYNC SUCCESSFUL!
2025-06-20 15:25:12,680 - INFO - 📊 Synced 1412 trips from 13 vehicles
2025-06-20 15:38:41,723 - INFO - 🚀 Starting manual sync...
2025-06-20 15:38:41,734 - INFO - file_cache is only supported with oauth2client<4.0.0
2025-06-20 15:38:42,735 - INFO - ✅ Google Sheets connected successfully
2025-06-20 15:38:43,592 - INFO - ✅ 51B-330.67: 7 trips
2025-06-20 15:38:43,991 - INFO - ✅ 50A-012.59: 55 trips
2025-06-20 15:38:44,348 - INFO - ✅ 50A-007.20: 60 trips
2025-06-20 15:38:44,698 - INFO - ✅ 51A-1212: 99 trips
2025-06-20 15:38:45,065 - INFO - ✅ 50A-004.55: 25 trips
2025-06-20 15:38:45,447 - INFO - ✅ 50A-007.39: 159 trips
2025-06-20 15:38:45,830 - INFO - ✅ 50M-004.37: 125 trips
2025-06-20 15:38:46,218 - INFO - ✅ 50A-009.44: 186 trips
2025-06-20 15:38:46,582 - INFO - ✅ 50A-010.67: 232 trips
2025-06-20 15:38:46,940 - INFO - ✅ 50M-002.19: 194 trips
2025-06-20 15:38:47,318 - INFO - ✅ 51B-509.51: 171 trips
2025-06-20 15:38:47,655 - INFO - ✅ 50A-019.90: 40 trips
2025-06-20 15:38:47,993 - INFO - ✅ 50A-018.35: 62 trips
2025-06-20 15:38:48,000 - INFO - 📊 Total: 1415 trips from 13 vehicles
2025-06-20 15:38:48,418 - INFO - ✅ Repository found
2025-06-20 15:38:48,435 - INFO - 📄 JSON content length: 2819444 characters
2025-06-20 15:38:48,435 - INFO - 📄 JSON preview: [
  {
    "Timestamp":"5\/18\/2025 20:07:05",
    "Email Address":"trananhtuan461970@gmail.com",
    "Th\u1eddi gian b\u1eaft \u0111\u1ea7u":"5:00",
    "Th\u1eddi gian k\u1ebft th\u00fac":"14:40",
  ...
2025-06-20 15:38:48,435 - INFO - 🔄 Uploading main data file: data/latest/fleet_data_latest.json
2025-06-20 15:38:48,849 - INFO - 📝 Updating existing file: data/latest/fleet_data_latest.json
2025-06-20 15:38:50,743 - INFO - ✅ Successfully uploaded: data/latest/fleet_data_latest.json
2025-06-20 15:38:50,745 - INFO - ✅ Main data file uploaded successfully
2025-06-20 15:38:50,745 - INFO - 🔄 Uploading summary file...
2025-06-20 15:38:51,223 - INFO - 📝 Updating existing file: data/summary/summary_latest.json
2025-06-20 15:38:52,124 - INFO - ✅ Successfully uploaded: data/summary/summary_latest.json
2025-06-20 15:38:52,125 - INFO - ✅ Summary file uploaded successfully
2025-06-20 15:38:52,125 - INFO - ✅ Data saved to GitHub successfully
2025-06-20 15:38:52,126 - INFO - ✅ SYNC SUCCESSFUL!
2025-06-20 15:38:52,127 - INFO - 📊 Synced 1415 trips from 13 vehicles
2025-06-20 15:40:17,906 - INFO - 🚀 Starting manual sync...
2025-06-20 15:40:17,910 - INFO - file_cache is only supported with oauth2client<4.0.0
2025-06-20 15:40:19,043 - INFO - ✅ Google Sheets connected successfully
2025-06-20 15:40:19,941 - INFO - ✅ 51B-330.67: 7 trips
2025-06-20 15:40:20,282 - INFO - ✅ 50A-012.59: 55 trips
2025-06-20 15:40:20,753 - INFO - ✅ 50A-007.20: 60 trips
2025-06-20 15:40:21,135 - INFO - ✅ 51A-1212: 99 trips
2025-06-20 15:40:21,492 - INFO - ✅ 50A-004.55: 25 trips
2025-06-20 15:40:21,859 - INFO - ✅ 50A-007.39: 159 trips
2025-06-20 15:40:22,239 - INFO - ✅ 50M-004.37: 125 trips
2025-06-20 15:40:22,610 - INFO - ✅ 50A-009.44: 186 trips
2025-06-20 15:40:23,040 - INFO - ✅ 50A-010.67: 232 trips
2025-06-20 15:40:23,404 - INFO - ✅ 50M-002.19: 194 trips
2025-06-20 15:40:23,772 - INFO - ✅ 51B-509.51: 171 trips
2025-06-20 15:40:24,111 - INFO - ✅ 50A-019.90: 40 trips
2025-06-20 15:40:24,613 - INFO - ✅ 50A-018.35: 62 trips
2025-06-20 15:40:24,624 - INFO - 📊 Total: 1415 trips from 13 vehicles
2025-06-20 15:40:25,158 - INFO - ✅ Repository found
2025-06-20 15:40:25,172 - INFO - 📄 JSON content length: 2819443 characters
2025-06-20 15:40:25,173 - INFO - 📄 JSON preview: [
  {
    "Timestamp":"5\/18\/2025 20:07:05",
    "Email Address":"trananhtuan461970@gmail.com",
    "Th\u1eddi gian b\u1eaft \u0111\u1ea7u":"5:00",
    "Th\u1eddi gian k\u1ebft th\u00fac":"14:40",
  ...
2025-06-20 15:40:25,173 - INFO - 🔄 Uploading main data file: data/latest/fleet_data_latest.json
2025-06-20 15:40:25,657 - INFO - 📝 Updating existing file: data/latest/fleet_data_latest.json
2025-06-20 15:40:27,965 - INFO - ✅ Successfully uploaded: data/latest/fleet_data_latest.json
2025-06-20 15:40:27,967 - INFO - ✅ Main data file uploaded successfully
2025-06-20 15:40:27,967 - INFO - 🔄 Uploading summary file...
2025-06-20 15:40:28,374 - INFO - 📝 Updating existing file: data/summary/summary_latest.json
2025-06-20 15:40:29,148 - INFO - ✅ Successfully uploaded: data/summary/summary_latest.json
2025-06-20 15:40:29,149 - INFO - ✅ Summary file uploaded successfully
2025-06-20 15:40:29,149 - INFO - ✅ Data saved to GitHub successfully
2025-06-20 15:40:29,150 - INFO - ✅ SYNC SUCCESSFUL!
2025-06-20 15:40:29,151 - INFO - 📊 Synced 1415 trips from 13 vehicles
2025-06-20 15:41:43,320 - INFO - 🚀 Starting manual sync...
2025-06-20 15:41:43,353 - INFO - file_cache is only supported with oauth2client<4.0.0
2025-06-20 15:41:44,298 - INFO - ✅ Google Sheets connected successfully
2025-06-20 15:41:45,241 - INFO - ✅ 51B-330.67: 7 trips
2025-06-20 15:41:45,647 - INFO - ✅ 50A-012.59: 55 trips
2025-06-20 15:41:45,999 - INFO - ✅ 50A-007.20: 60 trips
2025-06-20 15:41:46,468 - INFO - ✅ 51A-1212: 99 trips
2025-06-20 15:41:46,803 - INFO - ✅ 50A-004.55: 25 trips
2025-06-20 15:41:47,225 - INFO - ✅ 50A-007.39: 159 trips
2025-06-20 15:41:47,680 - INFO - ✅ 50M-004.37: 125 trips
2025-06-20 15:41:48,047 - INFO - ✅ 50A-009.44: 186 trips
2025-06-20 15:41:48,403 - INFO - ✅ 50A-010.67: 232 trips
2025-06-20 15:41:48,797 - INFO - ✅ 50M-002.19: 194 trips
2025-06-20 15:41:49,144 - INFO - ✅ 51B-509.51: 171 trips
2025-06-20 15:41:49,546 - INFO - ✅ 50A-019.90: 40 trips
2025-06-20 15:41:49,891 - INFO - ✅ 50A-018.35: 62 trips
2025-06-20 15:41:49,900 - INFO - 📊 Total: 1415 trips from 13 vehicles
2025-06-20 15:41:50,364 - INFO - ✅ Repository found
2025-06-20 15:41:50,379 - INFO - 📄 JSON content length: 2819443 characters
2025-06-20 15:41:50,379 - INFO - 📄 JSON preview: [
  {
    "Timestamp":"5\/18\/2025 20:07:05",
    "Email Address":"trananhtuan461970@gmail.com",
    "Th\u1eddi gian b\u1eaft \u0111\u1ea7u":"5:00",
    "Th\u1eddi gian k\u1ebft th\u00fac":"14:40",
  ...
2025-06-20 15:41:50,379 - INFO - 🔄 Uploading main data file: data/latest/fleet_data_latest.json
2025-06-20 15:41:50,789 - INFO - 📝 Updating existing file: data/latest/fleet_data_latest.json
2025-06-20 15:41:53,286 - INFO - ✅ Successfully uploaded: data/latest/fleet_data_latest.json
2025-06-20 15:41:53,287 - INFO - ✅ Main data file uploaded successfully
2025-06-20 15:41:53,287 - INFO - 🔄 Uploading summary file...
2025-06-20 15:41:53,741 - INFO - 📝 Updating existing file: data/summary/summary_latest.json
2025-06-20 15:41:54,437 - INFO - ✅ Successfully uploaded: data/summary/summary_latest.json
2025-06-20 15:41:54,437 - INFO - ✅ Summary file uploaded successfully
2025-06-20 15:41:54,437 - INFO - ✅ Data saved to GitHub successfully
2025-06-20 15:41:54,438 - INFO - ✅ SYNC SUCCESSFUL!
2025-06-20 15:41:54,438 - INFO - 📊 Synced 1415 trips from 13 vehicles
2025-06-20 15:42:40,117 - INFO - 🚀 Starting manual sync...
2025-06-20 15:42:40,128 - INFO - file_cache is only supported with oauth2client<4.0.0
2025-06-20 15:42:40,979 - INFO - ✅ Google Sheets connected successfully
2025-06-20 15:42:41,741 - INFO - ✅ 51B-330.67: 7 trips
2025-06-20 15:42:42,170 - INFO - ✅ 50A-012.59: 55 trips
2025-06-20 15:42:42,508 - INFO - ✅ 50A-007.20: 60 trips
2025-06-20 15:42:42,834 - INFO - ✅ 51A-1212: 99 trips
2025-06-20 15:42:43,194 - INFO - ✅ 50A-004.55: 25 trips
2025-06-20 15:42:43,547 - INFO - ✅ 50A-007.39: 159 trips
2025-06-20 15:42:43,905 - INFO - ✅ 50M-004.37: 125 trips
2025-06-20 15:42:44,270 - INFO - ✅ 50A-009.44: 186 trips
2025-06-20 15:42:44,709 - INFO - ✅ 50A-010.67: 232 trips
2025-06-20 15:42:45,139 - INFO - ✅ 50M-002.19: 194 trips
2025-06-20 15:42:45,539 - INFO - ✅ 51B-509.51: 171 trips
2025-06-20 15:42:45,927 - INFO - ✅ 50A-019.90: 40 trips
2025-06-20 15:42:46,369 - INFO - ✅ 50A-018.35: 62 trips
2025-06-20 15:42:46,380 - INFO - 📊 Total: 1415 trips from 13 vehicles
2025-06-20 15:42:46,852 - INFO - ✅ Repository found
2025-06-20 15:42:46,870 - INFO - 📄 JSON content length: 2819442 characters
2025-06-20 15:42:46,870 - INFO - 📄 JSON preview: [
  {
    "Timestamp":"5\/18\/2025 20:07:05",
    "Email Address":"trananhtuan461970@gmail.com",
    "Th\u1eddi gian b\u1eaft \u0111\u1ea7u":"5:00",
    "Th\u1eddi gian k\u1ebft th\u00fac":"14:40",
  ...
2025-06-20 15:42:46,870 - INFO - 🔄 Uploading main data file: data/latest/fleet_data_latest.json
2025-06-20 15:42:47,238 - INFO - 📝 Updating existing file: data/latest/fleet_data_latest.json
2025-06-20 15:42:48,620 - INFO - ✅ Successfully uploaded: data/latest/fleet_data_latest.json
2025-06-20 15:42:48,622 - INFO - ✅ Main data file uploaded successfully
2025-06-20 15:42:48,622 - INFO - 🔄 Uploading summary file...
2025-06-20 15:42:49,146 - INFO - 📝 Updating existing file: data/summary/summary_latest.json
2025-06-20 15:42:49,911 - INFO - ✅ Successfully uploaded: data/summary/summary_latest.json
2025-06-20 15:42:49,911 - INFO - ✅ Summary file uploaded successfully
2025-06-20 15:42:49,911 - INFO - ✅ Data saved to GitHub successfully
2025-06-20 15:42:49,912 - INFO - ✅ SYNC SUCCESSFUL!
2025-06-20 15:42:49,914 - INFO - 📊 Synced 1415 trips from 13 vehicles
2025-06-20 15:52:01,547 - INFO - 🚀 Starting manual sync...
2025-06-20 15:52:01,555 - INFO - file_cache is only supported with oauth2client<4.0.0
2025-06-20 15:52:02,585 - INFO - ✅ Google Sheets connected successfully
2025-06-20 15:52:03,561 - INFO - ✅ 51B-330.67: 7 trips
2025-06-20 15:52:03,910 - INFO - ✅ 50A-012.59: 55 trips
2025-06-20 15:52:04,378 - INFO - ✅ 50A-007.20: 60 trips
2025-06-20 15:52:04,748 - INFO - ✅ 51A-1212: 99 trips
2025-06-20 15:52:05,092 - INFO - ✅ 50A-004.55: 25 trips
2025-06-20 15:52:05,506 - INFO - ✅ 50A-007.39: 159 trips
2025-06-20 15:52:06,020 - INFO - ✅ 50M-004.37: 125 trips
2025-06-20 15:52:06,534 - INFO - ✅ 50A-009.44: 186 trips
2025-06-20 15:52:07,020 - INFO - ✅ 50A-010.67: 232 trips
2025-06-20 15:52:07,453 - INFO - ✅ 50M-002.19: 194 trips
2025-06-20 15:52:07,822 - INFO - ✅ 51B-509.51: 171 trips
2025-06-20 15:52:08,241 - INFO - ✅ 50A-019.90: 40 trips
2025-06-20 15:52:08,587 - INFO - ✅ 50A-018.35: 62 trips
2025-06-20 15:52:08,604 - INFO - 📊 Total: 1415 trips from 13 vehicles
2025-06-20 15:52:09,188 - INFO - ✅ Repository found
2025-06-20 15:52:09,210 - INFO - 📄 JSON content length: 2819441 characters
2025-06-20 15:52:09,211 - INFO - 📄 JSON preview: [
  {
    "Timestamp":"5\/18\/2025 20:07:05",
    "Email Address":"trananhtuan461970@gmail.com",
    "Th\u1eddi gian b\u1eaft \u0111\u1ea7u":"5:00",
    "Th\u1eddi gian k\u1ebft th\u00fac":"14:40",
  ...
2025-06-20 15:52:09,211 - INFO - 🔄 Uploading main data file: data/latest/fleet_data_latest.json
2025-06-20 15:52:09,691 - INFO - 📝 Updating existing file: data/latest/fleet_data_latest.json
2025-06-20 15:52:11,646 - INFO - ✅ Successfully uploaded: data/latest/fleet_data_latest.json
2025-06-20 15:52:11,647 - INFO - ✅ Main data file uploaded successfully
2025-06-20 15:52:11,648 - INFO - 🔄 Uploading summary file...
2025-06-20 15:52:12,137 - INFO - 📝 Updating existing file: data/summary/summary_latest.json
2025-06-20 15:52:12,771 - INFO - ✅ Successfully uploaded: data/summary/summary_latest.json
2025-06-20 15:52:12,771 - INFO - ✅ Summary file uploaded successfully
2025-06-20 15:52:12,771 - INFO - ✅ Data saved to GitHub successfully
2025-06-20 15:52:12,773 - INFO - ✅ SYNC SUCCESSFUL!
2025-06-20 15:52:12,773 - INFO - 📊 Synced 1415 trips from 13 vehicles
